<?xml version="1.0" encoding="UTF-8"?>
<!-- Generated by org.testng.reporters.JUnitXMLReporter -->
<testsuite ignored="0" hostname="LAPTOP-K8VA9CKS" failures="5" tests="18" name="Guru99 Tests" time="263.472" errors="0" timestamp="2026-06-07T14:53:45 IST">
  <testcase classname="base.BaseTest" name="@BeforeMethod setup" time="8.356">
    <failure type="org.openqa.selenium.WebDriverException" message="unknown error: JavaScript code failed
from unknown command: &amp;apos;Runtime.evaluate&amp;apos; wasn&amp;apos;t found
  (Session info: chrome=148.0.7778.217)
Build info: version: &amp;apos;4.44.0&amp;apos;, revision: &amp;apos;da2039b&amp;apos;
System info: os.name: &amp;apos;Windows 11&amp;apos;, os.arch: &amp;apos;amd64&amp;apos;, os.version: &amp;apos;10.0&amp;apos;, java.version: &amp;apos;21.0.10&amp;apos;
Driver info: org.openqa.selenium.chrome.ChromeDriver
Command: [dba96c0ecaf466e62dcba58dead51438, maximizeCurrentWindow {}]
Capabilities {acceptInsecureCerts: false, browserName: chrome, browserVersion: 148.0.7778.217, chrome: {chromedriverVersion: 148.0.7778.178 (d096af1c9e9..., userDataDir: C:\Users\AKASHR~1\AppData\L...}, fedcm:accounts: true, goog:chromeOptions: {debuggerAddress: localhost:61159}, goog:processID: 24616, networkConnectionEnabled: false, pageLoadStrategy: normal, platformName: windows, proxy: Proxy(), se:cdp: ws://localhost:61159/devtoo..., se:cdpVersion: 148.0.7778.217, setWindowRect: true, strictFileInteractability: false, timeouts: {implicit: 0, pageLoad: 300000, script: 30000}, unhandledPromptBehavior: dismiss and notify, webauthn:extension:credBlob: true, webauthn:extension:largeBlob: true, webauthn:extension:minPinLength: true, webauthn:extension:prf: true, webauthn:virtualAuthenticators: true}
Session ID: dba96c0ecaf466e62dcba58dead51438">
      <![CDATA[org.openqa.selenium.WebDriverException: unknown error: JavaScript code failed
from unknown command: 'Runtime.evaluate' wasn't found
  (Session info: chrome=148.0.7778.217)
Build info: version: '4.44.0', revision: 'da2039b'
System info: os.name: 'Windows 11', os.arch: 'amd64', os.version: '10.0', java.version: '21.0.10'
Driver info: org.openqa.selenium.chrome.ChromeDriver
Command: [dba96c0ecaf466e62dcba58dead51438, maximizeCurrentWindow {}]
Capabilities {acceptInsecureCerts: false, browserName: chrome, browserVersion: 148.0.7778.217, chrome: {chromedriverVersion: 148.0.7778.178 (d096af1c9e9..., userDataDir: C:\Users\AKASHR~1\AppData\L...}, fedcm:accounts: true, goog:chromeOptions: {debuggerAddress: localhost:61159}, goog:processID: 24616, networkConnectionEnabled: false, pageLoadStrategy: normal, platformName: windows, proxy: Proxy(), se:cdp: ws://localhost:61159/devtoo..., se:cdpVersion: 148.0.7778.217, setWindowRect: true, strictFileInteractability: false, timeouts: {implicit: 0, pageLoad: 300000, script: 30000}, unhandledPromptBehavior: dismiss and notify, webauthn:extension:credBlob: true, webauthn:extension:largeBlob: true, webauthn:extension:minPinLength: true, webauthn:extension:prf: true, webauthn:virtualAuthenticators: true}
Session ID: dba96c0ecaf466e62dcba58dead51438
at org.openqa.selenium.remote.ErrorCodec.decode(ErrorCodec.java:169)
at org.openqa.selenium.remote.codec.w3c.W3CHttpResponseCodec.decode(W3CHttpResponseCodec.java:143)
at org.openqa.selenium.remote.codec.w3c.W3CHttpResponseCodec.decode(W3CHttpResponseCodec.java:50)
at org.openqa.selenium.remote.HttpCommandExecutor.execute(HttpCommandExecutor.java:224)
at org.openqa.selenium.remote.service.DriverCommandExecutor.invokeExecute(DriverCommandExecutor.java:217)
at org.openqa.selenium.remote.service.DriverCommandExecutor.execute(DriverCommandExecutor.java:175)
at org.openqa.selenium.remote.RemoteWebDriver.execute(RemoteWebDriver.java:600)
at org.openqa.selenium.remote.RemoteWebDriver.execute(RemoteWebDriver.java:682)
at org.openqa.selenium.remote.RemoteWebDriver.execute(RemoteWebDriver.java:686)
at org.openqa.selenium.remote.RemoteWebDriver$RemoteWebDriverOptions$RemoteWindow.maximize(RemoteWebDriver.java:1187)
at base.BaseTest.setup(BaseTest.java:47)
at java.base/java.util.ArrayList.forEach(ArrayList.java:1596)
... Removed 33 stack frames]]>
    </failure>
  </testcase> <!-- @BeforeMethod setup -->
  <testcase classname="base.BaseTest" name="@AfterMethod tearDown" time="0.0">
    <skipped/>
  </testcase> <!-- @AfterMethod tearDown -->
  <testcase classname="base.BaseTest" name="@BeforeMethod setup" time="0.0">
    <skipped/>
  </testcase> <!-- @BeforeMethod setup -->
  <testcase classname="base.BaseTest" name="@AfterMethod tearDown" time="0.0">
    <skipped/>
  </testcase> <!-- @AfterMethod tearDown -->
  <testcase classname="testcases.LoginTest" name="blankLogin" time="9.354">
    <failure type="org.openqa.selenium.UnhandledAlertException" message="unexpected alert open: {Alert text : User or Password is not valid}
  (Session info: chrome=148.0.7778.217): User or Password is not valid
Build info: version: &amp;apos;4.44.0&amp;apos;, revision: &amp;apos;da2039b&amp;apos;
System info: os.name: &amp;apos;Windows 11&amp;apos;, os.arch: &amp;apos;amd64&amp;apos;, os.version: &amp;apos;10.0&amp;apos;, java.version: &amp;apos;21.0.10&amp;apos;
Driver info: org.openqa.selenium.chrome.ChromeDriver
Command: [8e7a1b9b6187ca1f61873a804ed85feb, screenshot {}]
Capabilities {acceptInsecureCerts: false, browserName: chrome, browserVersion: 148.0.7778.217, chrome: {chromedriverVersion: 148.0.7778.178 (d096af1c9e9..., userDataDir: C:\Users\AKASHR~1\AppData\L...}, fedcm:accounts: true, goog:chromeOptions: {debuggerAddress: localhost:52368}, goog:processID: 27792, networkConnectionEnabled: false, pageLoadStrategy: normal, platformName: windows, proxy: Proxy(), se:cdp: ws://localhost:52368/devtoo..., se:cdpVersion: 148.0.7778.217, setWindowRect: true, strictFileInteractability: false, timeouts: {implicit: 0, pageLoad: 300000, script: 30000}, unhandledPromptBehavior: dismiss and notify, webauthn:extension:credBlob: true, webauthn:extension:largeBlob: true, webauthn:extension:minPinLength: true, webauthn:extension:prf: true, webauthn:virtualAuthenticators: true}
Session ID: 8e7a1b9b6187ca1f61873a804ed85feb">
      <![CDATA[org.openqa.selenium.UnhandledAlertException: unexpected alert open: {Alert text : User or Password is not valid}
  (Session info: chrome=148.0.7778.217): User or Password is not valid
Build info: version: '4.44.0', revision: 'da2039b'
System info: os.name: 'Windows 11', os.arch: 'amd64', os.version: '10.0', java.version: '21.0.10'
Driver info: org.openqa.selenium.chrome.ChromeDriver
Command: [8e7a1b9b6187ca1f61873a804ed85feb, screenshot {}]
Capabilities {acceptInsecureCerts: false, browserName: chrome, browserVersion: 148.0.7778.217, chrome: {chromedriverVersion: 148.0.7778.178 (d096af1c9e9..., userDataDir: C:\Users\AKASHR~1\AppData\L...}, fedcm:accounts: true, goog:chromeOptions: {debuggerAddress: localhost:52368}, goog:processID: 27792, networkConnectionEnabled: false, pageLoadStrategy: normal, platformName: windows, proxy: Proxy(), se:cdp: ws://localhost:52368/devtoo..., se:cdpVersion: 148.0.7778.217, setWindowRect: true, strictFileInteractability: false, timeouts: {implicit: 0, pageLoad: 300000, script: 30000}, unhandledPromptBehavior: dismiss and notify, webauthn:extension:credBlob: true, webauthn:extension:largeBlob: true, webauthn:extension:minPinLength: true, webauthn:extension:prf: true, webauthn:virtualAuthenticators: true}
Session ID: 8e7a1b9b6187ca1f61873a804ed85feb
at org.openqa.selenium.remote.codec.w3c.W3CHttpResponseCodec.decode(W3CHttpResponseCodec.java:141)
at org.openqa.selenium.remote.codec.w3c.W3CHttpResponseCodec.decode(W3CHttpResponseCodec.java:50)
at org.openqa.selenium.remote.HttpCommandExecutor.execute(HttpCommandExecutor.java:224)
at org.openqa.selenium.remote.service.DriverCommandExecutor.invokeExecute(DriverCommandExecutor.java:217)
at org.openqa.selenium.remote.service.DriverCommandExecutor.execute(DriverCommandExecutor.java:175)
at org.openqa.selenium.remote.RemoteWebDriver.execute(RemoteWebDriver.java:600)
at org.openqa.selenium.remote.RemoteWebDriver.execute(RemoteWebDriver.java:682)
at org.openqa.selenium.remote.RemoteWebDriver.execute(RemoteWebDriver.java:686)
at org.openqa.selenium.remote.RemoteWebDriver.getScreenshotAs(RemoteWebDriver.java:387)
at utilities.ScreenshotUtil.captureScreenshot(ScreenshotUtil.java:19)
at listeners.ListenerClass.onTestFailure(ListenerClass.java:33)
at java.base/java.util.ArrayList.forEach(ArrayList.java:1596)
... Removed 28 stack frames]]>
    </failure>
  </testcase> <!-- blankLogin -->
  <testcase classname="testcases.LoginTest" name="invalidLogin" time="4.256"/>
  <testcase classname="testcases.LoginTest" name="validLogin" time="17.804"/>
  <testcase classname="testcases.CustomerTest" name="addCustomer" time="9.444"/>
  <testcase classname="testcases.AccountTest" name="openAccount" time="7.497"/>
  <testcase classname="testcases.DepositTest" name="validDeposit" time="0.0">
    <skipped/>
  </testcase> <!-- validDeposit -->
  <testcase classname="testcases.DepositTest" name="invalidAccountDeposit" time="0.0">
    <skipped/>
  </testcase> <!-- invalidAccountDeposit -->
  <testcase classname="testcases.WithdrawTest" name="validWithdraw" time="11.943">
    <failure type="org.openqa.selenium.UnhandledAlertException" message="unexpected alert open: {Alert text : You are not authorize to debit money from this account!!}
  (Session info: chrome=148.0.7778.217): You are not authorize to debit money from this account!!
Build info: version: &amp;apos;4.44.0&amp;apos;, revision: &amp;apos;da2039b&amp;apos;
System info: os.name: &amp;apos;Windows 11&amp;apos;, os.arch: &amp;apos;amd64&amp;apos;, os.version: &amp;apos;10.0&amp;apos;, java.version: &amp;apos;21.0.10&amp;apos;
Driver info: org.openqa.selenium.chrome.ChromeDriver
Command: [779309088dfd9e172a6d8f9ec6c6d268, getPageSource {}]
Capabilities {acceptInsecureCerts: false, browserName: chrome, browserVersion: 148.0.7778.217, chrome: {chromedriverVersion: 148.0.7778.178 (d096af1c9e9..., userDataDir: C:\Users\AKASHR~1\AppData\L...}, fedcm:accounts: true, goog:chromeOptions: {debuggerAddress: localhost:59153}, goog:processID: 17504, networkConnectionEnabled: false, pageLoadStrategy: normal, platformName: windows, proxy: Proxy(), se:cdp: ws://localhost:59153/devtoo..., se:cdpVersion: 148.0.7778.217, setWindowRect: true, strictFileInteractability: false, timeouts: {implicit: 0, pageLoad: 300000, script: 30000}, unhandledPromptBehavior: dismiss and notify, webauthn:extension:credBlob: true, webauthn:extension:largeBlob: true, webauthn:extension:minPinLength: true, webauthn:extension:prf: true, webauthn:virtualAuthenticators: true}
Session ID: 779309088dfd9e172a6d8f9ec6c6d268">
      <![CDATA[org.openqa.selenium.UnhandledAlertException: unexpected alert open: {Alert text : You are not authorize to debit money from this account!!}
  (Session info: chrome=148.0.7778.217): You are not authorize to debit money from this account!!
Build info: version: '4.44.0', revision: 'da2039b'
System info: os.name: 'Windows 11', os.arch: 'amd64', os.version: '10.0', java.version: '21.0.10'
Driver info: org.openqa.selenium.chrome.ChromeDriver
Command: [779309088dfd9e172a6d8f9ec6c6d268, getPageSource {}]
Capabilities {acceptInsecureCerts: false, browserName: chrome, browserVersion: 148.0.7778.217, chrome: {chromedriverVersion: 148.0.7778.178 (d096af1c9e9..., userDataDir: C:\Users\AKASHR~1\AppData\L...}, fedcm:accounts: true, goog:chromeOptions: {debuggerAddress: localhost:59153}, goog:processID: 17504, networkConnectionEnabled: false, pageLoadStrategy: normal, platformName: windows, proxy: Proxy(), se:cdp: ws://localhost:59153/devtoo..., se:cdpVersion: 148.0.7778.217, setWindowRect: true, strictFileInteractability: false, timeouts: {implicit: 0, pageLoad: 300000, script: 30000}, unhandledPromptBehavior: dismiss and notify, webauthn:extension:credBlob: true, webauthn:extension:largeBlob: true, webauthn:extension:minPinLength: true, webauthn:extension:prf: true, webauthn:virtualAuthenticators: true}
Session ID: 779309088dfd9e172a6d8f9ec6c6d268
at org.openqa.selenium.remote.codec.w3c.W3CHttpResponseCodec.decode(W3CHttpResponseCodec.java:141)
at org.openqa.selenium.remote.codec.w3c.W3CHttpResponseCodec.decode(W3CHttpResponseCodec.java:50)
at org.openqa.selenium.remote.HttpCommandExecutor.execute(HttpCommandExecutor.java:224)
at org.openqa.selenium.remote.service.DriverCommandExecutor.invokeExecute(DriverCommandExecutor.java:217)
at org.openqa.selenium.remote.service.DriverCommandExecutor.execute(DriverCommandExecutor.java:175)
at org.openqa.selenium.remote.RemoteWebDriver.execute(RemoteWebDriver.java:600)
at org.openqa.selenium.remote.RemoteWebDriver.execute(RemoteWebDriver.java:682)
at org.openqa.selenium.remote.RemoteWebDriver.execute(RemoteWebDriver.java:686)
at org.openqa.selenium.remote.RemoteWebDriver.getPageSource(RemoteWebDriver.java:447)
at testcases.WithdrawTest.validWithdraw(WithdrawTest.java:25)
at java.base/java.util.ArrayList.forEach(ArrayList.java:1596)
... Removed 29 stack frames]]>
    </failure>
  </testcase> <!-- validWithdraw -->
  <testcase classname="testcases.WithdrawTest" name="insufficientBalance" time="18.491">
    <failure type="org.openqa.selenium.UnhandledAlertException" message="unexpected alert open: {Alert text : You are not authorize to debit money from this account!!}
  (Session info: chrome=148.0.7778.217): You are not authorize to debit money from this account!!
Build info: version: &amp;apos;4.44.0&amp;apos;, revision: &amp;apos;da2039b&amp;apos;
System info: os.name: &amp;apos;Windows 11&amp;apos;, os.arch: &amp;apos;amd64&amp;apos;, os.version: &amp;apos;10.0&amp;apos;, java.version: &amp;apos;21.0.10&amp;apos;
Driver info: org.openqa.selenium.chrome.ChromeDriver
Command: [382b287ddec01c51712e0752a4b62173, getPageSource {}]
Capabilities {acceptInsecureCerts: false, browserName: chrome, browserVersion: 148.0.7778.217, chrome: {chromedriverVersion: 148.0.7778.178 (d096af1c9e9..., userDataDir: C:\Users\AKASHR~1\AppData\L...}, fedcm:accounts: true, goog:chromeOptions: {debuggerAddress: localhost:63950}, goog:processID: 8876, networkConnectionEnabled: false, pageLoadStrategy: normal, platformName: windows, proxy: Proxy(), se:cdp: ws://localhost:63950/devtoo..., se:cdpVersion: 148.0.7778.217, setWindowRect: true, strictFileInteractability: false, timeouts: {implicit: 0, pageLoad: 300000, script: 30000}, unhandledPromptBehavior: dismiss and notify, webauthn:extension:credBlob: true, webauthn:extension:largeBlob: true, webauthn:extension:minPinLength: true, webauthn:extension:prf: true, webauthn:virtualAuthenticators: true}
Session ID: 382b287ddec01c51712e0752a4b62173">
      <![CDATA[org.openqa.selenium.UnhandledAlertException: unexpected alert open: {Alert text : You are not authorize to debit money from this account!!}
  (Session info: chrome=148.0.7778.217): You are not authorize to debit money from this account!!
Build info: version: '4.44.0', revision: 'da2039b'
System info: os.name: 'Windows 11', os.arch: 'amd64', os.version: '10.0', java.version: '21.0.10'
Driver info: org.openqa.selenium.chrome.ChromeDriver
Command: [382b287ddec01c51712e0752a4b62173, getPageSource {}]
Capabilities {acceptInsecureCerts: false, browserName: chrome, browserVersion: 148.0.7778.217, chrome: {chromedriverVersion: 148.0.7778.178 (d096af1c9e9..., userDataDir: C:\Users\AKASHR~1\AppData\L...}, fedcm:accounts: true, goog:chromeOptions: {debuggerAddress: localhost:63950}, goog:processID: 8876, networkConnectionEnabled: false, pageLoadStrategy: normal, platformName: windows, proxy: Proxy(), se:cdp: ws://localhost:63950/devtoo..., se:cdpVersion: 148.0.7778.217, setWindowRect: true, strictFileInteractability: false, timeouts: {implicit: 0, pageLoad: 300000, script: 30000}, unhandledPromptBehavior: dismiss and notify, webauthn:extension:credBlob: true, webauthn:extension:largeBlob: true, webauthn:extension:minPinLength: true, webauthn:extension:prf: true, webauthn:virtualAuthenticators: true}
Session ID: 382b287ddec01c51712e0752a4b62173
at org.openqa.selenium.remote.codec.w3c.W3CHttpResponseCodec.decode(W3CHttpResponseCodec.java:141)
at org.openqa.selenium.remote.codec.w3c.W3CHttpResponseCodec.decode(W3CHttpResponseCodec.java:50)
at org.openqa.selenium.remote.HttpCommandExecutor.execute(HttpCommandExecutor.java:224)
at org.openqa.selenium.remote.service.DriverCommandExecutor.invokeExecute(DriverCommandExecutor.java:217)
at org.openqa.selenium.remote.service.DriverCommandExecutor.execute(DriverCommandExecutor.java:175)
at org.openqa.selenium.remote.RemoteWebDriver.execute(RemoteWebDriver.java:600)
at org.openqa.selenium.remote.RemoteWebDriver.execute(RemoteWebDriver.java:682)
at org.openqa.selenium.remote.RemoteWebDriver.execute(RemoteWebDriver.java:686)
at org.openqa.selenium.remote.RemoteWebDriver.getPageSource(RemoteWebDriver.java:447)
at testcases.WithdrawTest.insufficientBalance(WithdrawTest.java:45)
at java.base/java.util.ArrayList.forEach(ArrayList.java:1596)
... Removed 29 stack frames]]>
    </failure>
  </testcase> <!-- insufficientBalance -->
  <testcase classname="testcases.FundTransferTest" name="validFundTransfer" time="8.787"/>
  <testcase classname="testcases.FundTransferTest" name="invalidAccountTransfer" time="10.369">
    <failure type="org.openqa.selenium.UnhandledAlertException" message="unexpected alert open: {Alert text : Account 999999does not exist!!!}
  (Session info: chrome=148.0.7778.217): Account 999999does not exist!!!
Build info: version: &amp;apos;4.44.0&amp;apos;, revision: &amp;apos;da2039b&amp;apos;
System info: os.name: &amp;apos;Windows 11&amp;apos;, os.arch: &amp;apos;amd64&amp;apos;, os.version: &amp;apos;10.0&amp;apos;, java.version: &amp;apos;21.0.10&amp;apos;
Driver info: org.openqa.selenium.chrome.ChromeDriver
Command: [09a28dbd341fcf03bef0d29158997eb2, getPageSource {}]
Capabilities {acceptInsecureCerts: false, browserName: chrome, browserVersion: 148.0.7778.217, chrome: {chromedriverVersion: 148.0.7778.178 (d096af1c9e9..., userDataDir: C:\Users\AKASHR~1\AppData\L...}, fedcm:accounts: true, goog:chromeOptions: {debuggerAddress: localhost:60465}, goog:processID: 14320, networkConnectionEnabled: false, pageLoadStrategy: normal, platformName: windows, proxy: Proxy(), se:cdp: ws://localhost:60465/devtoo..., se:cdpVersion: 148.0.7778.217, setWindowRect: true, strictFileInteractability: false, timeouts: {implicit: 0, pageLoad: 300000, script: 30000}, unhandledPromptBehavior: dismiss and notify, webauthn:extension:credBlob: true, webauthn:extension:largeBlob: true, webauthn:extension:minPinLength: true, webauthn:extension:prf: true, webauthn:virtualAuthenticators: true}
Session ID: 09a28dbd341fcf03bef0d29158997eb2">
      <![CDATA[org.openqa.selenium.UnhandledAlertException: unexpected alert open: {Alert text : Account 999999does not exist!!!}
  (Session info: chrome=148.0.7778.217): Account 999999does not exist!!!
Build info: version: '4.44.0', revision: 'da2039b'
System info: os.name: 'Windows 11', os.arch: 'amd64', os.version: '10.0', java.version: '21.0.10'
Driver info: org.openqa.selenium.chrome.ChromeDriver
Command: [09a28dbd341fcf03bef0d29158997eb2, getPageSource {}]
Capabilities {acceptInsecureCerts: false, browserName: chrome, browserVersion: 148.0.7778.217, chrome: {chromedriverVersion: 148.0.7778.178 (d096af1c9e9..., userDataDir: C:\Users\AKASHR~1\AppData\L...}, fedcm:accounts: true, goog:chromeOptions: {debuggerAddress: localhost:60465}, goog:processID: 14320, networkConnectionEnabled: false, pageLoadStrategy: normal, platformName: windows, proxy: Proxy(), se:cdp: ws://localhost:60465/devtoo..., se:cdpVersion: 148.0.7778.217, setWindowRect: true, strictFileInteractability: false, timeouts: {implicit: 0, pageLoad: 300000, script: 30000}, unhandledPromptBehavior: dismiss and notify, webauthn:extension:credBlob: true, webauthn:extension:largeBlob: true, webauthn:extension:minPinLength: true, webauthn:extension:prf: true, webauthn:virtualAuthenticators: true}
Session ID: 09a28dbd341fcf03bef0d29158997eb2
at org.openqa.selenium.remote.codec.w3c.W3CHttpResponseCodec.decode(W3CHttpResponseCodec.java:141)
at org.openqa.selenium.remote.codec.w3c.W3CHttpResponseCodec.decode(W3CHttpResponseCodec.java:50)
at org.openqa.selenium.remote.HttpCommandExecutor.execute(HttpCommandExecutor.java:224)
at org.openqa.selenium.remote.service.DriverCommandExecutor.invokeExecute(DriverCommandExecutor.java:217)
at org.openqa.selenium.remote.service.DriverCommandExecutor.execute(DriverCommandExecutor.java:175)
at org.openqa.selenium.remote.RemoteWebDriver.execute(RemoteWebDriver.java:600)
at org.openqa.selenium.remote.RemoteWebDriver.execute(RemoteWebDriver.java:682)
at org.openqa.selenium.remote.RemoteWebDriver.execute(RemoteWebDriver.java:686)
at org.openqa.selenium.remote.RemoteWebDriver.getPageSource(RemoteWebDriver.java:447)
at testcases.FundTransferTest.invalidAccountTransfer(FundTransferTest.java:47)
at java.base/java.util.ArrayList.forEach(ArrayList.java:1596)
... Removed 29 stack frames]]>
    </failure>
  </testcase> <!-- invalidAccountTransfer -->
  <testcase classname="testcases.FundTransferTest" name="insufficientBalanceTransfer" time="5.195">
    <failure type="org.openqa.selenium.UnhandledAlertException" message="unexpected alert open: {Alert text : Transfer Failed. Account Balance low!!}
  (Session info: chrome=148.0.7778.217): Transfer Failed. Account Balance low!!
Build info: version: &amp;apos;4.44.0&amp;apos;, revision: &amp;apos;da2039b&amp;apos;
System info: os.name: &amp;apos;Windows 11&amp;apos;, os.arch: &amp;apos;amd64&amp;apos;, os.version: &amp;apos;10.0&amp;apos;, java.version: &amp;apos;21.0.10&amp;apos;
Driver info: org.openqa.selenium.chrome.ChromeDriver
Command: [4fb7799e225f3fb9d37a2141640828ac, getPageSource {}]
Capabilities {acceptInsecureCerts: false, browserName: chrome, browserVersion: 148.0.7778.217, chrome: {chromedriverVersion: 148.0.7778.178 (d096af1c9e9..., userDataDir: C:\Users\AKASHR~1\AppData\L...}, fedcm:accounts: true, goog:chromeOptions: {debuggerAddress: localhost:52955}, goog:processID: 23712, networkConnectionEnabled: false, pageLoadStrategy: normal, platformName: windows, proxy: Proxy(), se:cdp: ws://localhost:52955/devtoo..., se:cdpVersion: 148.0.7778.217, setWindowRect: true, strictFileInteractability: false, timeouts: {implicit: 0, pageLoad: 300000, script: 30000}, unhandledPromptBehavior: dismiss and notify, webauthn:extension:credBlob: true, webauthn:extension:largeBlob: true, webauthn:extension:minPinLength: true, webauthn:extension:prf: true, webauthn:virtualAuthenticators: true}
Session ID: 4fb7799e225f3fb9d37a2141640828ac">
      <![CDATA[org.openqa.selenium.UnhandledAlertException: unexpected alert open: {Alert text : Transfer Failed. Account Balance low!!}
  (Session info: chrome=148.0.7778.217): Transfer Failed. Account Balance low!!
Build info: version: '4.44.0', revision: 'da2039b'
System info: os.name: 'Windows 11', os.arch: 'amd64', os.version: '10.0', java.version: '21.0.10'
Driver info: org.openqa.selenium.chrome.ChromeDriver
Command: [4fb7799e225f3fb9d37a2141640828ac, getPageSource {}]
Capabilities {acceptInsecureCerts: false, browserName: chrome, browserVersion: 148.0.7778.217, chrome: {chromedriverVersion: 148.0.7778.178 (d096af1c9e9..., userDataDir: C:\Users\AKASHR~1\AppData\L...}, fedcm:accounts: true, goog:chromeOptions: {debuggerAddress: localhost:52955}, goog:processID: 23712, networkConnectionEnabled: false, pageLoadStrategy: normal, platformName: windows, proxy: Proxy(), se:cdp: ws://localhost:52955/devtoo..., se:cdpVersion: 148.0.7778.217, setWindowRect: true, strictFileInteractability: false, timeouts: {implicit: 0, pageLoad: 300000, script: 30000}, unhandledPromptBehavior: dismiss and notify, webauthn:extension:credBlob: true, webauthn:extension:largeBlob: true, webauthn:extension:minPinLength: true, webauthn:extension:prf: true, webauthn:virtualAuthenticators: true}
Session ID: 4fb7799e225f3fb9d37a2141640828ac
at org.openqa.selenium.remote.codec.w3c.W3CHttpResponseCodec.decode(W3CHttpResponseCodec.java:141)
at org.openqa.selenium.remote.codec.w3c.W3CHttpResponseCodec.decode(W3CHttpResponseCodec.java:50)
at org.openqa.selenium.remote.HttpCommandExecutor.execute(HttpCommandExecutor.java:224)
at org.openqa.selenium.remote.service.DriverCommandExecutor.invokeExecute(DriverCommandExecutor.java:217)
at org.openqa.selenium.remote.service.DriverCommandExecutor.execute(DriverCommandExecutor.java:175)
at org.openqa.selenium.remote.RemoteWebDriver.execute(RemoteWebDriver.java:600)
at org.openqa.selenium.remote.RemoteWebDriver.execute(RemoteWebDriver.java:682)
at org.openqa.selenium.remote.RemoteWebDriver.execute(RemoteWebDriver.java:686)
at org.openqa.selenium.remote.RemoteWebDriver.getPageSource(RemoteWebDriver.java:447)
at testcases.FundTransferTest.insufficientBalanceTransfer(FundTransferTest.java:67)
at java.base/java.util.ArrayList.forEach(ArrayList.java:1596)
... Removed 29 stack frames]]>
    </failure>
  </testcase> <!-- insufficientBalanceTransfer -->
  <testcase classname="testcases.BankingFlowTest" name="loginTest" time="4.028"/>
  <testcase classname="testcases.BankingFlowTest" name="addCustomer" time="0.007"/>
  <testcase classname="testcases.BankingFlowTest" name="openAccount" time="0.017"/>
  <testcase classname="testcases.BankingFlowTest" name="depositMoney" time="0.023"/>
  <testcase classname="testcases.BankingFlowTest" name="withdrawMoney" time="0.001"/>
  <testcase classname="testcases.BankingFlowTest" name="fundTransfer" time="0.0"/>
</testsuite> <!-- Guru99 Tests -->
