<?xml version="1.0" encoding="UTF-8"?>
<!-- Generated by org.testng.reporters.JUnitReportReporter -->
<testsuite hostname="LAPTOP-K8VA9CKS" failures="0" tests="6" name="testcases.BankingFlowTest" time="58.325" errors="0" timestamp="2026-06-07T14:53:46 IST" skipped="0">
  <testcase classname="testcases.BankingFlowTest" name="addCustomer" time="9.153"/>
  <testcase classname="testcases.BankingFlowTest" name="loginTest" time="11.484"/>
  <testcase classname="testcases.BankingFlowTest" name="depositMoney" time="8.286"/>
  <testcase classname="testcases.BankingFlowTest" name="withdrawMoney" time="7.742"/>
  <testcase classname="testcases.BankingFlowTest" name="fundTransfer" time="10.914"/>
  <testcase classname="testcases.BankingFlowTest" name="openAccount" time="10.746"/>
</testsuite> <!-- testcases.BankingFlowTest -->
