<?xml version="1.0" encoding="UTF-8"?>
<testng-results ignored="0" total="2" passed="2" failed="0" skipped="0">
  <reporter-output>
  </reporter-output>
  <suite started-at="2026-06-10T14:29:44 IST" name="Suite" finished-at="2026-06-10T14:30:42 IST" duration-ms="58577">
    <groups>
    </groups>
    <test started-at="2026-06-10T14:29:44 IST" name="Test" finished-at="2026-06-10T14:30:42 IST" duration-ms="58577">
      <class name="Test_Bug.CustomerTest">
        <test-method is-config="true" signature="setup()[pri:0, instance:Test_Bug.CustomerTest@1573f9fc]" started-at="2026-06-10T14:29:44 IST" name="setup" finished-at="2026-06-10T14:30:00 IST" duration-ms="16284" status="PASS">
          <reporter-output>
          </reporter-output>
        </test-method> <!-- setup -->
        <test-method signature="addCustomer_invalid_date()[pri:0, instance:Test_Bug.CustomerTest@1573f9fc]" started-at="2026-06-10T14:30:00 IST" name="addCustomer_invalid_date" finished-at="2026-06-10T14:30:23 IST" duration-ms="23108" status="PASS">
          <reporter-output>
          </reporter-output>
        </test-method> <!-- addCustomer_invalid_date -->
        <test-method is-config="true" signature="tearDown()[pri:0, instance:Test_Bug.CustomerTest@1573f9fc]" started-at="2026-06-10T14:30:23 IST" name="tearDown" finished-at="2026-06-10T14:30:24 IST" duration-ms="734" status="PASS">
          <reporter-output>
          </reporter-output>
        </test-method> <!-- tearDown -->
      </class> <!-- Test_Bug.CustomerTest -->
      <class name="Test_Bug.DepositTest">
        <test-method is-config="true" signature="setup()[pri:0, instance:Test_Bug.DepositTest@6150c3ec]" started-at="2026-06-10T14:30:24 IST" name="setup" finished-at="2026-06-10T14:30:34 IST" duration-ms="9922" status="PASS">
          <reporter-output>
          </reporter-output>
        </test-method> <!-- setup -->
        <test-method signature="validDeposit()[pri:1, instance:Test_Bug.DepositTest@6150c3ec]" started-at="2026-06-10T14:30:34 IST" name="validDeposit" finished-at="2026-06-10T14:30:41 IST" duration-ms="7181" status="PASS">
          <reporter-output>
          </reporter-output>
        </test-method> <!-- validDeposit -->
        <test-method is-config="true" signature="tearDown()[pri:0, instance:Test_Bug.DepositTest@6150c3ec]" started-at="2026-06-10T14:30:41 IST" name="tearDown" finished-at="2026-06-10T14:30:42 IST" duration-ms="1214" status="PASS">
          <reporter-output>
          </reporter-output>
        </test-method> <!-- tearDown -->
      </class> <!-- Test_Bug.DepositTest -->
    </test> <!-- Test -->
  </suite> <!-- Suite -->
</testng-results>
