<?xml version="1.0" encoding="UTF-8"?>
<!-- Generated by org.testng.reporters.JUnitReportReporter -->
<testsuite hostname="LAPTOP-K8VA9CKS" failures="0" tests="6" name="testcases.BankingFlowTest" time="64.348" errors="0" timestamp="2026-06-06T14:21:44 IST" skipped="0">
  <testcase classname="testcases.BankingFlowTest" name="openAccount" time="12.186"/>
  <testcase classname="testcases.BankingFlowTest" name="fundTransfer" time="10.604"/>
  <testcase classname="testcases.BankingFlowTest" name="addCustomer" time="12.334"/>
  <testcase classname="testcases.BankingFlowTest" name="loginTest" time="14.376"/>
  <testcase classname="testcases.BankingFlowTest" name="depositMoney" time="7.107"/>
  <testcase classname="testcases.BankingFlowTest" name="withdrawMoney" time="7.741"/>
</testsuite> <!-- testcases.BankingFlowTest -->
