<?xml version="1.0" encoding="UTF-8"?>
<!-- Generated by org.testng.reporters.JUnitReportReporter -->
<testsuite hostname="LAPTOP-K8VA9CKS" failures="0" tests="3" name="testcases.LoginTest" time="53.853" errors="0" timestamp="2026-06-08T00:24:48 IST" skipped="0">
  <testcase classname="testcases.LoginTest" name="blankLogin" time="19.085"/>
  <testcase classname="testcases.LoginTest" name="invalidLogin" time="19.828"/>
  <testcase classname="testcases.LoginTest" name="validLogin" time="14.940"/>
</testsuite> <!-- testcases.LoginTest -->
