<?xml version="1.0" encoding="UTF-8"?>
<!-- Generated by org.testng.reporters.JUnitReportReporter -->
<testsuite hostname="LAPTOP-K8VA9CKS" failures="0" tests="3" name="testcases.FundTransferTest" time="49.068" errors="0" timestamp="2026-06-11T21:58:34 IST" skipped="0">
  <testcase classname="testcases.FundTransferTest" name="validFundTransfer" time="11.272"/>
  <testcase classname="testcases.FundTransferTest" name="invalidAccountTransfer" time="15.047"/>
  <testcase classname="testcases.FundTransferTest" name="insufficientBalanceTransfer" time="22.749"/>
</testsuite> <!-- testcases.FundTransferTest -->
