<?xml version="1.0" encoding="UTF-8"?>
<!-- Generated by org.testng.reporters.JUnitReportReporter -->
<testsuite hostname="LAPTOP-K8VA9CKS" failures="0" tests="3" name="testcases.LoginTest" time="45.816" errors="0" timestamp="2026-06-07T15:05:19 IST" skipped="0">
  <testcase classname="testcases.LoginTest" name="blankLogin" time="18.001"/>
  <testcase classname="testcases.LoginTest" name="invalidLogin" time="11.532"/>
  <testcase classname="testcases.LoginTest" name="validLogin" time="16.283"/>
</testsuite> <!-- testcases.LoginTest -->
