<?xml version="1.0" encoding="UTF-8"?>
<!-- Generated by org.testng.reporters.JUnitReportReporter -->
<testsuite hostname="LAPTOP-K8VA9CKS" failures="0" tests="3" name="testcases.FundTransferTest" time="100.502" errors="0" timestamp="2026-06-11T15:32:42 IST" skipped="0">
  <testcase classname="testcases.FundTransferTest" name="validFundTransfer" time="27.500"/>
  <testcase classname="testcases.FundTransferTest" name="invalidAccountTransfer" time="37.854"/>
  <testcase classname="testcases.FundTransferTest" name="insufficientBalanceTransfer" time="35.148"/>
</testsuite> <!-- testcases.FundTransferTest -->
