<?xml version="1.0" encoding="UTF-8"?>
<!-- Generated by org.testng.reporters.JUnitXMLReporter -->
<testsuite ignored="0" hostname="LAPTOP-K8VA9CKS" failures="0" tests="11" name="Guru99 Tests" time="318.922" errors="0" timestamp="2026-06-11T16:43:15 IST">
  <testcase classname="testcases.LoginTest" name="blankLogin" time="0.772"/>
  <testcase classname="testcases.LoginTest" name="invalidLogin" time="0.629"/>
  <testcase classname="testcases.LoginTest" name="validLogin" time="9.443"/>
  <testcase classname="testcases.CustomerTest" name="addCustomer" time="21.551"/>
  <testcase classname="testcases.AccountTest" name="openAccount" time="8.607"/>
  <testcase classname="testcases.DepositTest" name="validDeposit" time="16.412"/>
  <testcase classname="testcases.DepositTest" name="invalidAccountDeposit" time="9.724"/>
  <testcase classname="testcases.WithdrawTest" name="validWithdraw" time="27.593"/>
  <testcase classname="testcases.WithdrawTest" name="insufficientBalance" time="18.434"/>
  <testcase classname="testcases.FundTransferTest" name="validFundTransfer" time="11.244"/>
  <testcase classname="testcases.FundTransferTest" name="invalidAccountTransfer" time="16.395"/>
</testsuite> <!-- Guru99 Tests -->
