<?xml version="1.0" encoding="UTF-8"?>
<!-- Generated by org.testng.reporters.JUnitXMLReporter -->
<testsuite ignored="0" hostname="LAPTOP-K8VA9CKS" failures="1" tests="13" name="Guru99 Tests" time="227.304" errors="0" timestamp="2026-06-08T00:07:35 IST">
  <testcase classname="testcases.LoginTest" name="blankLogin" time="0.986"/>
  <testcase classname="testcases.LoginTest" name="invalidLogin" time="7.201"/>
  <testcase classname="testcases.LoginTest" name="validLogin" time="4.246"/>
  <testcase classname="testcases.CustomerTest" name="addCustomer" time="7.248"/>
  <testcase classname="testcases.AccountTest" name="openAccount" time="6.865"/>
  <testcase classname="testcases.DepositTest" name="validDeposit" time="5.964"/>
  <testcase classname="testcases.DepositTest" name="invalidAccountDeposit" time="6.698"/>
  <testcase classname="testcases.WithdrawTest" name="validWithdraw" time="5.815"/>
  <testcase classname="testcases.WithdrawTest" name="insufficientBalance" time="12.443">
    <failure type="org.openqa.selenium.UnhandledAlertException" message="unexpected alert open: {Alert text : Transaction Failed. Account Balance Low!!!}
  (Session info: chrome=148.0.7778.218): Transaction Failed. Account Balance Low!!!
Build info: version: &amp;apos;4.44.0&amp;apos;, revision: &amp;apos;da2039b&amp;apos;
System info: os.name: &amp;apos;Windows 11&amp;apos;, os.arch: &amp;apos;amd64&amp;apos;, os.version: &amp;apos;10.0&amp;apos;, java.version: &amp;apos;21.0.10&amp;apos;
Driver info: org.openqa.selenium.chrome.ChromeDriver
Command: [bfb1ed505cfcc4aedef9217c0b847b9e, screenshot {}]
Capabilities {acceptInsecureCerts: false, browserName: chrome, browserVersion: 148.0.7778.218, chrome: {chromedriverVersion: 148.0.7778.178 (d096af1c9e9..., userDataDir: C:\Users\AKASHR~1\AppData\L...}, fedcm:accounts: true, goog:chromeOptions: {debuggerAddress: localhost:59933}, goog:processID: 9000, networkConnectionEnabled: false, pageLoadStrategy: normal, platformName: windows, proxy: Proxy(), se:cdp: ws://localhost:59933/devtoo..., se:cdpVersion: 148.0.7778.218, setWindowRect: true, strictFileInteractability: false, timeouts: {implicit: 0, pageLoad: 300000, script: 30000}, unhandledPromptBehavior: dismiss and notify, webauthn:extension:credBlob: true, webauthn:extension:largeBlob: true, webauthn:extension:minPinLength: true, webauthn:extension:prf: true, webauthn:virtualAuthenticators: true}
Session ID: bfb1ed505cfcc4aedef9217c0b847b9e">
      <![CDATA[org.openqa.selenium.UnhandledAlertException: unexpected alert open: {Alert text : Transaction Failed. Account Balance Low!!!}
  (Session info: chrome=148.0.7778.218): Transaction Failed. Account Balance Low!!!
Build info: version: '4.44.0', revision: 'da2039b'
System info: os.name: 'Windows 11', os.arch: 'amd64', os.version: '10.0', java.version: '21.0.10'
Driver info: org.openqa.selenium.chrome.ChromeDriver
Command: [bfb1ed505cfcc4aedef9217c0b847b9e, screenshot {}]
Capabilities {acceptInsecureCerts: false, browserName: chrome, browserVersion: 148.0.7778.218, chrome: {chromedriverVersion: 148.0.7778.178 (d096af1c9e9..., userDataDir: C:\Users\AKASHR~1\AppData\L...}, fedcm:accounts: true, goog:chromeOptions: {debuggerAddress: localhost:59933}, goog:processID: 9000, networkConnectionEnabled: false, pageLoadStrategy: normal, platformName: windows, proxy: Proxy(), se:cdp: ws://localhost:59933/devtoo..., se:cdpVersion: 148.0.7778.218, setWindowRect: true, strictFileInteractability: false, timeouts: {implicit: 0, pageLoad: 300000, script: 30000}, unhandledPromptBehavior: dismiss and notify, webauthn:extension:credBlob: true, webauthn:extension:largeBlob: true, webauthn:extension:minPinLength: true, webauthn:extension:prf: true, webauthn:virtualAuthenticators: true}
Session ID: bfb1ed505cfcc4aedef9217c0b847b9e
at org.openqa.selenium.remote.codec.w3c.W3CHttpResponseCodec.decode(W3CHttpResponseCodec.java:141)
at org.openqa.selenium.remote.codec.w3c.W3CHttpResponseCodec.decode(W3CHttpResponseCodec.java:50)
at org.openqa.selenium.remote.HttpCommandExecutor.execute(HttpCommandExecutor.java:224)
at org.openqa.selenium.remote.service.DriverCommandExecutor.invokeExecute(DriverCommandExecutor.java:217)
at org.openqa.selenium.remote.service.DriverCommandExecutor.execute(DriverCommandExecutor.java:175)
at org.openqa.selenium.remote.RemoteWebDriver.execute(RemoteWebDriver.java:600)
at org.openqa.selenium.remote.RemoteWebDriver.execute(RemoteWebDriver.java:682)
at org.openqa.selenium.remote.RemoteWebDriver.execute(RemoteWebDriver.java:686)
at org.openqa.selenium.remote.RemoteWebDriver.getScreenshotAs(RemoteWebDriver.java:387)
at utilities.ScreenshotUtil.captureScreenshot(ScreenshotUtil.java:19)
at listeners.ListenerClass.onTestFailure(ListenerClass.java:33)
at java.base/java.util.ArrayList.forEach(ArrayList.java:1596)
... Removed 24 stack frames]]>
    </failure>
  </testcase> <!-- insufficientBalance -->
  <testcase classname="testcases.FundTransferTest" name="validFundTransfer" time="13.601"/>
  <testcase classname="testcases.FundTransferTest" name="invalidAccountTransfer" time="8.492"/>
  <testcase classname="testcases.FundTransferTest" name="insufficientBalanceTransfer" time="10.036"/>
  <testcase classname="testcases.LogoutTest" name="validLogout" time="2.618"/>
</testsuite> <!-- Guru99 Tests -->
