<?xml version="1.0" encoding="UTF-8"?>
<testng-results ignored="0" total="3" passed="3" failed="0" skipped="0">
  <reporter-output>
  </reporter-output>
  <suite started-at="2026-06-11T16:45:53 IST" name="Default suite" finished-at="2026-06-11T16:47:03 IST" duration-ms="69515">
    <groups>
    </groups>
    <test started-at="2026-06-11T16:45:53 IST" name="Default test" finished-at="2026-06-11T16:47:03 IST" duration-ms="69515">
      <class name="testcases.FundTransferTest">
        <test-method is-config="true" signature="setup()[pri:0, instance:testcases.FundTransferTest@6c6cb480]" started-at="2026-06-11T16:45:54 IST" name="setup" finished-at="2026-06-11T16:46:27 IST" duration-ms="33064" status="PASS">
          <reporter-output>
          </reporter-output>
        </test-method> <!-- setup -->
        <test-method signature="validFundTransfer()[pri:1, instance:testcases.FundTransferTest@6c6cb480]" started-at="2026-06-11T16:46:27 IST" name="validFundTransfer" finished-at="2026-06-11T16:46:38 IST" duration-ms="11349" status="PASS">
          <reporter-output>
          </reporter-output>
        </test-method> <!-- validFundTransfer -->
        <test-method is-config="true" signature="tearDown()[pri:0, instance:testcases.FundTransferTest@6c6cb480]" started-at="2026-06-11T16:46:38 IST" name="tearDown" finished-at="2026-06-11T16:46:39 IST" duration-ms="693" status="PASS">
          <reporter-output>
          </reporter-output>
        </test-method> <!-- tearDown -->
        <test-method is-config="true" signature="setup()[pri:0, instance:testcases.FundTransferTest@6c6cb480]" started-at="2026-06-11T16:46:39 IST" name="setup" finished-at="2026-06-11T16:46:47 IST" duration-ms="8177" status="PASS">
          <reporter-output>
          </reporter-output>
        </test-method> <!-- setup -->
        <test-method signature="invalidAccountTransfer()[pri:2, instance:testcases.FundTransferTest@6c6cb480]" started-at="2026-06-11T16:46:47 IST" name="invalidAccountTransfer" finished-at="2026-06-11T16:46:52 IST" duration-ms="5205" status="PASS">
          <reporter-output>
          </reporter-output>
        </test-method> <!-- invalidAccountTransfer -->
        <test-method is-config="true" signature="tearDown()[pri:0, instance:testcases.FundTransferTest@6c6cb480]" started-at="2026-06-11T16:46:52 IST" name="tearDown" finished-at="2026-06-11T16:46:53 IST" duration-ms="567" status="PASS">
          <reporter-output>
          </reporter-output>
        </test-method> <!-- tearDown -->
        <test-method is-config="true" signature="setup()[pri:0, instance:testcases.FundTransferTest@6c6cb480]" started-at="2026-06-11T16:46:53 IST" name="setup" finished-at="2026-06-11T16:46:59 IST" duration-ms="5997" status="PASS">
          <reporter-output>
          </reporter-output>
        </test-method> <!-- setup -->
        <test-method signature="insufficientBalanceTransfer()[pri:3, instance:testcases.FundTransferTest@6c6cb480]" started-at="2026-06-11T16:46:59 IST" name="insufficientBalanceTransfer" finished-at="2026-06-11T16:47:02 IST" duration-ms="3718" status="PASS">
          <reporter-output>
          </reporter-output>
        </test-method> <!-- insufficientBalanceTransfer -->
        <test-method is-config="true" signature="tearDown()[pri:0, instance:testcases.FundTransferTest@6c6cb480]" started-at="2026-06-11T16:47:02 IST" name="tearDown" finished-at="2026-06-11T16:47:03 IST" duration-ms="567" status="PASS">
          <reporter-output>
          </reporter-output>
        </test-method> <!-- tearDown -->
      </class> <!-- testcases.FundTransferTest -->
    </test> <!-- Default test -->
  </suite> <!-- Default suite -->
</testng-results>
