<?xml version="1.0" encoding="UTF-8"?>
<testng-results ignored="0" total="3" passed="3" failed="0" skipped="0">
  <reporter-output>
  </reporter-output>
  <suite started-at="2026-06-08T13:06:07 IST" name="Default suite" finished-at="2026-06-08T13:07:45 IST" duration-ms="97732">
    <groups>
    </groups>
    <test started-at="2026-06-08T13:06:07 IST" name="Default test" finished-at="2026-06-08T13:07:45 IST" duration-ms="97732">
      <class name="testcases.FundTransferTest">
        <test-method is-config="true" signature="setup()[pri:0, instance:testcases.FundTransferTest@6c6cb480]" started-at="2026-06-08T13:06:07 IST" name="setup" finished-at="2026-06-08T13:06:23 IST" duration-ms="15786" status="PASS">
          <reporter-output>
          </reporter-output>
        </test-method> <!-- setup -->
        <test-method signature="validFundTransfer()[pri:1, instance:testcases.FundTransferTest@6c6cb480]" started-at="2026-06-08T13:06:23 IST" name="validFundTransfer" finished-at="2026-06-08T13:06:43 IST" duration-ms="20352" status="PASS">
          <reporter-output>
          </reporter-output>
        </test-method> <!-- validFundTransfer -->
        <test-method is-config="true" signature="tearDown()[pri:0, instance:testcases.FundTransferTest@6c6cb480]" started-at="2026-06-08T13:06:43 IST" name="tearDown" finished-at="2026-06-08T13:06:48 IST" duration-ms="4684" status="PASS">
          <reporter-output>
          </reporter-output>
        </test-method> <!-- tearDown -->
        <test-method is-config="true" signature="setup()[pri:0, instance:testcases.FundTransferTest@6c6cb480]" started-at="2026-06-08T13:06:48 IST" name="setup" finished-at="2026-06-08T13:06:54 IST" duration-ms="6562" status="PASS">
          <reporter-output>
          </reporter-output>
        </test-method> <!-- setup -->
        <test-method signature="invalidAccountTransfer()[pri:2, instance:testcases.FundTransferTest@6c6cb480]" started-at="2026-06-08T13:06:54 IST" name="invalidAccountTransfer" finished-at="2026-06-08T13:07:06 IST" duration-ms="11369" status="PASS">
          <reporter-output>
          </reporter-output>
        </test-method> <!-- invalidAccountTransfer -->
        <test-method is-config="true" signature="tearDown()[pri:0, instance:testcases.FundTransferTest@6c6cb480]" started-at="2026-06-08T13:07:06 IST" name="tearDown" finished-at="2026-06-08T13:07:07 IST" duration-ms="767" status="PASS">
          <reporter-output>
          </reporter-output>
        </test-method> <!-- tearDown -->
        <test-method is-config="true" signature="setup()[pri:0, instance:testcases.FundTransferTest@6c6cb480]" started-at="2026-06-08T13:07:07 IST" name="setup" finished-at="2026-06-08T13:07:23 IST" duration-ms="16009" status="PASS">
          <reporter-output>
          </reporter-output>
        </test-method> <!-- setup -->
        <test-method signature="insufficientBalanceTransfer()[pri:3, instance:testcases.FundTransferTest@6c6cb480]" started-at="2026-06-08T13:07:23 IST" name="insufficientBalanceTransfer" finished-at="2026-06-08T13:07:44 IST" duration-ms="21088" status="PASS">
          <reporter-output>
          </reporter-output>
        </test-method> <!-- insufficientBalanceTransfer -->
        <test-method is-config="true" signature="tearDown()[pri:0, instance:testcases.FundTransferTest@6c6cb480]" started-at="2026-06-08T13:07:44 IST" name="tearDown" finished-at="2026-06-08T13:07:45 IST" duration-ms="972" status="PASS">
          <reporter-output>
          </reporter-output>
        </test-method> <!-- tearDown -->
      </class> <!-- testcases.FundTransferTest -->
    </test> <!-- Default test -->
  </suite> <!-- Default suite -->
</testng-results>
