<?xml version="1.0" encoding="UTF-8"?>
<!-- Generated by org.testng.reporters.JUnitXMLReporter -->
<testsuite ignored="0" hostname="LAPTOP-K8VA9CKS" failures="0" tests="3" name="Default test" time="46.496" errors="0" timestamp="2026-06-07T15:05:19 IST">
  <testcase classname="testcases.LoginTest" name="blankLogin" time="0.645"/>
  <testcase classname="testcases.LoginTest" name="invalidLogin" time="1.176"/>
  <testcase classname="testcases.LoginTest" name="validLogin" time="6.183"/>
</testsuite> <!-- Default test -->
