<?xml version="1.0" encoding="UTF-8"?>
<!-- Generated by org.testng.reporters.JUnitXMLReporter -->
<testsuite ignored="2" hostname="LAPTOP-K8VA9CKS" failures="0" tests="1" name="Default test" time="19.414" errors="0" timestamp="2026-06-08T11:18:56 IST">
  <testcase classname="testcases.LoginTest" name="validLogin" time="5.75"/>
  <testcase classname="testcases.LoginTest" name="invalidLogin" time="0.0">
    <ignored/>
  </testcase> <!-- invalidLogin -->
  <testcase classname="testcases.LoginTest" name="blankLogin" time="0.0">
    <ignored/>
  </testcase> <!-- blankLogin -->
</testsuite> <!-- Default test -->
